{"meta": {"format": 3, "version": "7.14.2", "timestamp": "2026-06-22T08:46:34.983586", "branch_coverage": true, "show_contexts": false}, "files": {"src/newsdom_api/dom_builder.py": {"executed_lines": [3, 5, 6, 8, 19, 32, 35, 36, 37, 38, 39, 40, 43, 64, 76, 159, 173], "summary": {"covered_lines": 17, "num_statements": 129, "percent_covered": 10.052910052910052, "percent_covered_display": "10", "missing_lines": 112, "excluded_lines": 0, "percent_statements_covered": 13.178294573643411, "percent_statements_covered_display": "13", "num_branches": 60, "num_partial_branches": 0, "covered_branches": 2, "missing_branches": 58, "percent_branches_covered": 3.3333333333333335, "percent_branches_covered_display": "3"}, "missing_lines": [22, 23, 24, 46, 47, 48, 50, 51, 52, 53, 55, 56, 58, 59, 60, 61, 69, 86, 87, 89, 90, 91, 92, 94, 95, 97, 98, 99, 101, 102, 103, 105, 106, 107, 109, 110, 111, 113, 114, 115, 120, 121, 122, 123, 124, 125, 126, 127, 128, 130, 131, 132, 133, 134, 135, 138, 141, 143, 144, 145, 146, 147, 148, 149, 151, 152, 153, 154, 156, 162, 163, 164, 166, 167, 168, 170, 180, 181, 182, 183, 184, 185, 187, 188, 189, 190, 191, 192, 193, 194, 196, 197, 198, 200, 201, 202, 203, 206, 207, 208, 209, 218, 224, 225, 238, 239, 243, 244, 245, 246, 247, 257], "excluded_lines": [], "executed_branches": [[35, 36], [35, 37]], "missing_branches": [[22, 23], [22, 24], [47, 48], [47, 50], [50, 51], [50, 61], [51, 52], [51, 58], [53, 50], [53, 55], [59, 50], [59, 60], [89, 90], [89, 156], [94, 95], [94, 97], [97, 98], [97, 101], [101, 102], [101, 105], [105, 106], [105, 109], [109, 110], [109, 113], [113, 114], [113, 130], [124, 125], [124, 127], [130, 131], [130, 143], [131, 132], [131, 134], [145, 146], [145, 151], [151, 152], [151, 154], [163, 164], [163, 166], [167, 168], [167, 170], [182, 183], [182, 187], [183, 184], [183, 187], [190, 191], [190, 200], [192, 193], [192, 196], [200, 201], [200, 238], [202, 203], [202, 224], [207, 208], [207, 218], [238, 239], [238, 243], [245, 246], [245, 257]], "functions": {"_bbox_from_values": {"executed_lines": [], "summary": {"covered_lines": 0, "num_statements": 3, "percent_covered": 0.0, "percent_covered_display": "0", "missing_lines": 3, "excluded_lines": 0, "percent_statements_covered": 0.0, "percent_statements_covered_display": "0", "num_branches": 2, "num_partial_branches": 0, "covered_branches": 0, "missing_branches": 2, "percent_branches_covered": 0.0, "percent_branches_covered_display": "0"}, "missing_lines": [22, 23, 24], "excluded_lines": [], "start_line": 19, "executed_branches": [], "missing_branches": [[22, 23], [22, 24]]}, "_coerce_page_number": {"executed_lines": [35, 36, 37, 38, 39, 40], "summary": {"covered_lines": 6, "num_statements": 6, "percent_covered": 100.0, "percent_covered_display": "100", "missing_lines": 0, "excluded_lines": 0, "percent_statements_covered": 100.0, "percent_statements_covered_display": "100", "num_branches": 2, "num_partial_branches": 0, "covered_branches": 2, "missing_branches": 0, "percent_branches_covered": 100.0, "percent_branches_covered_display": "100"}, "missing_lines": [], "excluded_lines": [], "start_line": 32, "executed_branches": [[35, 36], [35, 37]], "missing_branches": []}, "_caption_nodes_from_items": {"executed_lines": [], "summary": {"covered_lines": 0, "num_statements": 13, "percent_covered": 0.0, "percent_covered_display": "0", "missing_lines": 13, "excluded_lines": 0, "percent_statements_covered": 0.0, "percent_statements_covered_display": "0", "num_branches": 10, "num_partial_branches": 0, "covered_branches": 0, "missing_branches": 10, "percent_branches_covered": 0.0, "percent_branches_covered_display": "0"}, "missing_lines": [46, 47, 48, 50, 51, 52, 53, 55, 56, 58, 59, 60, 61], "excluded_lines": [], "start_line": 43, "executed_branches": [], "missing_branches": [[47, 48], [47, 50], [50, 51], [50, 61], [51, 52], [51, 58], [53, 50], [53, 55], [59, 50], [59, 60]]}, "_new_article": {"executed_lines": [], "summary": {"covered_lines": 0, "num_statements": 1, "percent_covered": 0.0, "percent_covered_display": "0", "missing_lines": 1, "excluded_lines": 0, "percent_statements_covered": 0.0, "percent_statements_covered_display": "0", "num_branches": 0, "num_partial_branches": 0, "covered_branches": 0, "missing_branches": 0, "percent_branches_covered": 100.0, "percent_branches_covered_display": "100"}, "missing_lines": [69], "excluded_lines": [], "start_line": 64, "executed_branches": [], "missing_branches": []}, "_build_page_dom": {"executed_lines": [], "summary": {"covered_lines": 0, "num_statements": 52, "percent_covered": 0.0, "percent_covered_display": "0", "missing_lines": 52, "excluded_lines": 0, "percent_statements_covered": 0.0, "percent_statements_covered_display": "0", "num_branches": 24, "num_partial_branches": 0, "covered_branches": 0, "missing_branches": 24, "percent_branches_covered": 0.0, "percent_branches_covered_display": "0"}, "missing_lines": [86, 87, 89, 90, 91, 92, 94, 95, 97, 98, 99, 101, 102, 103, 105, 106, 107, 109, 110, 111, 113, 114, 115, 120, 121, 122, 123, 124, 125, 126, 127, 128, 130, 131, 132, 133, 134, 135, 138, 141, 143, 144, 145, 146, 147, 148, 149, 151, 152, 153, 154, 156], "excluded_lines": [], "start_line": 76, "executed_branches": [], "missing_branches": [[89, 90], [89, 156], [94, 95], [94, 97], [97, 98], [97, 101], [101, 102], [101, 105], [105, 106], [105, 109], [109, 110], [109, 113], [113, 114], [113, 130], [124, 125], [124, 127], [130, 131], [130, 143], [131, 132], [131, 134], [145, 146], [145, 151], [151, 152], [151, 154]]}, "_page_number_from_info": {"executed_lines": [], "summary": {"covered_lines": 0, "num_statements": 7, "percent_covered": 0.0, "percent_covered_display": "0", "missing_lines": 7, "excluded_lines": 0, "percent_statements_covered": 0.0, "percent_statements_covered_display": "0", "num_branches": 4, "num_partial_branches": 0, "covered_branches": 0, "missing_branches": 4, "percent_branches_covered": 0.0, "percent_branches_covered_display": "0"}, "missing_lines": [162, 163, 164, 166, 167, 168, 170], "excluded_lines": [], "start_line": 159, "executed_branches": [], "missing_branches": [[163, 164], [163, 166], [167, 168], [167, 170]]}, "build_dom": {"executed_lines": [], "summary": {"covered_lines": 0, "num_statements": 36, "percent_covered": 0.0, "percent_covered_display": "0", "missing_lines": 36, "excluded_lines": 0, "percent_statements_covered": 0.0, "percent_statements_covered_display": "0", "num_branches": 18, "num_partial_branches": 0, "covered_branches": 0, "missing_branches": 18, "percent_branches_covered": 0.0, "percent_branches_covered_display": "0"}, "missing_lines": [180, 181, 182, 183, 184, 185, 187, 188, 189, 190, 191, 192, 193, 194, 196, 197, 198, 200, 201, 202, 203, 206, 207, 208, 209, 218, 224, 225, 238, 239, 243, 244, 245, 246, 247, 257], "excluded_lines": [], "start_line": 173, "executed_branches": [], "missing_branches": [[182, 183], [182, 187], [183, 184], [183, 187], [190, 191], [190, 200], [192, 193], [192, 196], [200, 201], [200, 238], [202, 203], [202, 224], [207, 208], [207, 218], [238, 239], [238, 243], [245, 246], [245, 257]]}, "": {"executed_lines": [3, 5, 6, 8, 19, 32, 43, 64, 76, 159, 173], "summary": {"covered_lines": 11, "num_statements": 11, "percent_covered": 100.0, "percent_covered_display": "100", "missing_lines": 0, "excluded_lines": 0, "percent_statements_covered": 100.0, "percent_statements_covered_display": "100", "num_branches": 0, "num_partial_branches": 0, "covered_branches": 0, "missing_branches": 0, "percent_branches_covered": 100.0, "percent_branches_covered_display": "100"}, "missing_lines": [], "excluded_lines": [], "start_line": 1, "executed_branches": [], "missing_branches": []}}, "classes": {"": {"executed_lines": [3, 5, 6, 8, 19, 32, 35, 36, 37, 38, 39, 40, 43, 64, 76, 159, 173], "summary": {"covered_lines": 17, "num_statements": 129, "percent_covered": 10.052910052910052, "percent_covered_display": "10", "missing_lines": 112, "excluded_lines": 0, "percent_statements_covered": 13.178294573643411, "percent_statements_covered_display": "13", "num_branches": 60, "num_partial_branches": 0, "covered_branches": 2, "missing_branches": 58, "percent_branches_covered": 3.3333333333333335, "percent_branches_covered_display": "3"}, "missing_lines": [22, 23, 24, 46, 47, 48, 50, 51, 52, 53, 55, 56, 58, 59, 60, 61, 69, 86, 87, 89, 90, 91, 92, 94, 95, 97, 98, 99, 101, 102, 103, 105, 106, 107, 109, 110, 111, 113, 114, 115, 120, 121, 122, 123, 124, 125, 126, 127, 128, 130, 131, 132, 133, 134, 135, 138, 141, 143, 144, 145, 146, 147, 148, 149, 151, 152, 153, 154, 156, 162, 163, 164, 166, 167, 168, 170, 180, 181, 182, 183, 184, 185, 187, 188, 189, 190, 191, 192, 193, 194, 196, 197, 198, 200, 201, 202, 203, 206, 207, 208, 209, 218, 224, 225, 238, 239, 243, 244, 245, 246, 247, 257], "excluded_lines": [], "start_line": 1, "executed_branches": [[35, 36], [35, 37]], "missing_branches": [[22, 23], [22, 24], [47, 48], [47, 50], [50, 51], [50, 61], [51, 52], [51, 58], [53, 50], [53, 55], [59, 50], [59, 60], [89, 90], [89, 156], [94, 95], [94, 97], [97, 98], [97, 101], [101, 102], [101, 105], [105, 106], [105, 109], [109, 110], [109, 113], [113, 114], [113, 130], [124, 125], [124, 127], [130, 131], [130, 143], [131, 132], [131, 134], [145, 146], [145, 151], [151, 152], [151, 154], [163, 164], [163, 166], [167, 168], [167, 170], [182, 183], [182, 187], [183, 184], [183, 187], [190, 191], [190, 200], [192, 193], [192, 196], [200, 201], [200, 238], [202, 203], [202, 224], [207, 208], [207, 218], [238, 239], [238, 243], [245, 246], [245, 257]]}}}}, "totals": {"covered_lines": 17, "num_statements": 129, "percent_covered": 10.052910052910052, "percent_covered_display": "10", "missing_lines": 112, "excluded_lines": 0, "percent_statements_covered": 13.178294573643411, "percent_statements_covered_display": "13", "num_branches": 60, "num_partial_branches": 0, "covered_branches": 2, "missing_branches": 58, "percent_branches_covered": 3.3333333333333335, "percent_branches_covered_display": "3"}}